{
  "RSpec": {
    "coverage": {
      "/Users/matthewholmes/turing/mod_4/projects/do-goodr-be/app/models/event.rb": {
        "lines": [
          1,
          1,
          null,
          1,
          null,
          1,
          null,
          1,
          null,
          1,
          null,
          null
        ]
      },
      "/Users/matthewholmes/turing/mod_4/projects/do-goodr-be/app/models/application_record.rb": {
        "lines": [
          1,
          1,
          null
        ]
      },
      "/Users/matthewholmes/turing/mod_4/projects/do-goodr-be/spec/models/organization_spec.rb": {
        "lines": [
          1,
          null,
          1,
          null,
          1,
          2,
          2,
          2,
          2,
          null,
          null,
          1,
          2,
          null,
          null,
          null
        ]
      },
      "/Users/matthewholmes/turing/mod_4/projects/do-goodr-be/app/models/organization.rb": {
        "lines": [
          1,
          1,
          null,
          1,
          null,
          null
        ]
      }
    },
    "timestamp": 1644096760
  }
}
